{"level":"error","message":"Could not get the genres","timestamp":"2020-10-13T21:47:37.242Z"}
{"level":"error","message":"Could not get the genres","timestamp":"2020-10-13T21:47:38.445Z"}
{"level":"info","message":"connected to mongodb...","timestamp":"2020-10-13T21:54:36.571Z"}
{"level":"info","message":"connected to mongodb...","timestamp":"2020-10-13T21:55:17.871Z"}
{"level":"info","message":"connected to mongodb...","timestamp":"2020-10-13T21:55:53.320Z"}
{"level":"info","message":"connected to mongodb...","timestamp":"2020-10-13T21:56:34.791Z"}
{"level":"info","message":"connected to mongodb...","timestamp":"2020-10-13T21:56:57.834Z"}
{"level":"info","message":"connected to mongodb...","timestamp":"2020-10-13T21:57:34.125Z"}
{"level":"info","message":"connected to mongodb...","timestamp":"2020-10-13T21:57:43.095Z"}
{"level":"info","message":"connected to mongodb...","timestamp":"2020-10-13T21:59:57.799Z"}
{"level":"info","message":"connected to mongodb...","timestamp":"2020-10-13T22:01:42.780Z"}
{"level":"info","message":"connected to mongodb...","timestamp":"2020-10-13T22:02:13.555Z"}
{"level":"info","message":"connected to mongodb...","timestamp":"2020-10-13T22:03:22.966Z"}
{"level":"info","message":"connected to mongodb...","timestamp":"2020-10-13T22:05:13.870Z"}
{"level":"info","message":"connected to mongodb...","timestamp":"2020-10-13T22:05:41.453Z"}
{"level":"info","message":"connected to mongodb...","timestamp":"2020-10-13T22:06:15.527Z"}
{"level":"info","message":"connected to mongodb...","timestamp":"2020-10-13T22:06:51.655Z"}
{"level":"info","message":"connected to mongodb...","timestamp":"2020-10-13T22:08:57.345Z"}
{"level":"info","message":"connected to mongodb...","timestamp":"2020-10-13T22:09:22.829Z"}
{"level":"info","message":"connected to mongodb...","timestamp":"2020-10-13T22:09:24.515Z"}
{"level":"info","message":"connected to mongodb...","timestamp":"2020-10-13T22:10:10.834Z"}
{"level":"info","message":"connected to mongodb...","timestamp":"2020-10-13T22:10:37.775Z"}
{"level":"info","message":"connected to mongodb...","timestamp":"2020-10-13T22:11:31.681Z"}
{"level":"info","message":"connected to mongodb...","timestamp":"2020-10-13T22:13:16.863Z"}
{"level":"info","message":"connected to mongodb...","timestamp":"2020-10-13T22:13:19.558Z"}
{"level":"info","message":"connected to mongodb...","timestamp":"2020-10-13T22:13:32.171Z"}
{"level":"info","message":"connected to mongodb...","timestamp":"2020-10-13T22:14:15.609Z"}
{"level":"info","message":"connected to mongodb...","timestamp":"2020-10-13T22:14:47.936Z"}
{"level":"info","message":"connected to mongodb...","timestamp":"2020-10-13T22:15:23.464Z"}
{"level":"info","message":"connected to mongodb...","timestamp":"2020-10-13T22:15:24.844Z"}
{"level":"info","message":"connected to mongodb...","timestamp":"2020-10-13T22:16:25.617Z"}
{"level":"info","message":"listening at port 8000...","timestamp":"2020-10-13T22:16:34.920Z"}
{"level":"info","message":"connected to mongodb...","timestamp":"2020-10-13T22:16:34.945Z"}
{"level":"info","message":"listening at port 8000...","timestamp":"2020-10-13T22:20:00.431Z"}
{"level":"info","message":"connected to mongodb...","timestamp":"2020-10-13T22:20:00.450Z"}
{"level":"info","message":"listening at port 8000...","timestamp":"2020-10-13T22:20:03.584Z"}
{"level":"info","message":"connected to mongodb...","timestamp":"2020-10-13T22:20:03.601Z"}
{"level":"info","message":"listening at port 8000...","timestamp":"2020-10-13T22:20:50.052Z"}
{"level":"info","message":"connected to mongodb...","timestamp":"2020-10-13T22:20:50.077Z"}
{"level":"info","message":"listening at port 8000...","timestamp":"2020-10-19T16:48:03.979Z"}
{"level":"info","message":"connected to mongodb...","timestamp":"2020-10-19T16:48:04.015Z"}
{"level":"info","message":"listening at port 8000...","timestamp":"2020-10-19T16:49:00.378Z"}
{"level":"info","message":"connected to mongodb...","timestamp":"2020-10-19T16:49:00.403Z"}
{"level":"info","message":"listening at port 8000...","timestamp":"2020-10-19T16:56:44.778Z"}
{"level":"info","message":"connected to mongodb...","timestamp":"2020-10-19T16:56:44.797Z"}
{"level":"info","message":"listening at port 8000...","timestamp":"2020-10-19T21:10:35.687Z"}
{"level":"info","message":"connected to mongodb...","timestamp":"2020-10-19T21:10:36.226Z"}
{"level":"info","message":"listening at port 3000...","timestamp":"2021-06-25T21:40:27.342Z"}
{"level":"info","message":"connected to mongodb...","timestamp":"2021-06-25T21:40:27.832Z"}
{"level":"info","message":"listening at port 3000...","timestamp":"2021-08-17T20:23:38.934Z"}
{"level":"info","message":"connected to mongodb+srv://vidly_user:vidly123@vidlycluster.juxff.mongodb.net/vidly?retryWrites=true&w=majority...","timestamp":"2021-08-17T20:23:39.343Z"}
{"level":"info","message":"listening at port 3000...","timestamp":"2021-08-17T20:25:05.207Z"}
{"level":"info","message":"connected to mongodb+srv://vidly_user:vidly123@vidlycluster.juxff.mongodb.net/vidly?retryWrites=true&w=majority...","timestamp":"2021-08-17T20:25:05.559Z"}
{"level":"info","message":"listening at port 3000...","timestamp":"2021-08-17T20:26:47.565Z"}
{"level":"info","message":"connected to mongodb://localhost/vidly_test...","timestamp":"2021-08-17T20:26:47.586Z"}
{"level":"info","message":"listening at port 3000...","timestamp":"2021-08-17T21:04:23.996Z"}
{"level":"info","message":"connected to mongodb://localhost/vidly_test...","timestamp":"2021-08-17T21:04:24.042Z"}
{"level":"info","message":"listening at port 3000...","timestamp":"2021-08-17T21:05:11.127Z"}
{"level":"info","message":"connected to mongodb://localhost/vidly_test...","timestamp":"2021-08-17T21:05:11.152Z"}
{"level":"info","message":"listening at port 3000...","timestamp":"2021-08-17T21:05:24.802Z"}
{"level":"info","message":"listening at port 3000...","timestamp":"2021-08-17T21:06:34.475Z"}
{"level":"info","message":"listening at port 3000...","timestamp":"2021-08-17T21:10:39.723Z"}
{"level":"info","message":"connected to mongodb://localhost/vidly_test...","timestamp":"2021-08-17T21:10:39.755Z"}
{"level":"info","message":"listening at port 3000...","timestamp":"2021-08-17T21:10:58.241Z"}
{"level":"info","message":"connected to mongodb://localhost/vidly_test...","timestamp":"2021-08-17T21:10:58.274Z"}
{"level":"info","message":"listening at port 3000...","timestamp":"2021-08-17T21:16:19.012Z"}
{"level":"info","message":"connected to mongodb://localhost/vidly_test...","timestamp":"2021-08-17T21:16:19.029Z"}
{"level":"info","message":"listening at port 3000...","timestamp":"2021-08-17T21:17:12.523Z"}
{"level":"info","message":"listening at port 3000...","timestamp":"2021-08-17T21:18:01.564Z"}
{"level":"info","message":"listening at port 3000...","timestamp":"2021-08-17T21:19:46.333Z"}
{"level":"info","message":"listening at port 3000...","timestamp":"2021-08-17T21:20:24.494Z"}
{"level":"info","message":"listening at port 3000...","timestamp":"2021-08-17T21:21:45.616Z"}
{"level":"info","message":"listening at port 3000...","timestamp":"2021-08-17T21:28:45.156Z"}
{"level":"info","message":"connected to mongodb://localhost/vidly_test...","timestamp":"2021-08-17T21:28:53.584Z"}
{"level":"info","message":"listening at port 3000...","timestamp":"2021-08-17T21:28:53.677Z"}
{"level":"error","message":"Cast to ObjectId failed for value \"1\" at path \"_id\" for model \"Genre\"","timestamp":"2021-08-17T21:28:53.704Z"}
{"level":"error","message":"Cast to ObjectId failed for value \"1\" at path \"_id\" for model \"Genre\"","timestamp":"2021-08-17T21:28:53.785Z"}
{"level":"error","message":"Cast to ObjectId failed for value \"1\" at path \"_id\" for model \"Genre\"","timestamp":"2021-08-17T21:28:53.817Z"}
{"level":"info","message":"listening at port 3000...","timestamp":"2021-08-17T21:32:33.752Z"}
{"level":"info","message":"connected to mongodb://localhost/vidly_test...","timestamp":"2021-08-17T21:32:33.767Z"}
{"level":"error","message":"Cast to ObjectId failed for value \"1\" at path \"_id\" for model \"Genre\"","timestamp":"2021-08-17T21:32:33.817Z"}
{"level":"error","message":"Cast to ObjectId failed for value \"1\" at path \"_id\" for model \"Genre\"","timestamp":"2021-08-17T21:32:33.891Z"}
{"level":"error","message":"Cast to ObjectId failed for value \"1\" at path \"_id\" for model \"Genre\"","timestamp":"2021-08-17T21:32:33.922Z"}
{"level":"info","message":"listening at port 3000...","timestamp":"2021-08-17T21:32:53.005Z"}
{"level":"info","message":"connected to mongodb://localhost/vidly_test...","timestamp":"2021-08-17T21:32:53.020Z"}
{"level":"error","message":"Cast to ObjectId failed for value \"1\" at path \"_id\" for model \"Genre\"","timestamp":"2021-08-17T21:32:53.063Z"}
{"level":"error","message":"Cast to ObjectId failed for value \"1\" at path \"_id\" for model \"Genre\"","timestamp":"2021-08-17T21:32:53.137Z"}
{"level":"error","message":"Cast to ObjectId failed for value \"1\" at path \"_id\" for model \"Genre\"","timestamp":"2021-08-17T21:32:53.169Z"}
{"level":"info","message":"listening at port 3000...","timestamp":"2021-08-17T21:34:09.268Z"}
{"level":"info","message":"connected to mongodb://localhost/vidly_test...","timestamp":"2021-08-17T21:34:09.289Z"}
{"level":"info","message":"listening at port 3000...","timestamp":"2021-08-17T21:34:17.301Z"}
{"level":"info","message":"connected to mongodb://localhost/vidly_test...","timestamp":"2021-08-17T21:34:17.320Z"}
{"level":"info","message":"listening at port 3000...","timestamp":"2021-08-18T05:37:20.143Z"}
{"level":"info","message":"connected to mongodb://localhost/vidly_test...","timestamp":"2021-08-18T05:37:20.207Z"}
{"level":"info","message":"listening at port 3000...","timestamp":"2021-08-18T05:39:57.241Z"}
{"level":"info","message":"connected to mongodb://localhost/vidly_test...","timestamp":"2021-08-18T05:39:57.259Z"}
{"level":"info","message":"listening at port 3000...","timestamp":"2021-08-18T05:40:49.949Z"}
{"level":"info","message":"connected to mongodb://localhost/vidly_test...","timestamp":"2021-08-18T05:40:49.968Z"}
{"level":"info","message":"listening at port 3000...","timestamp":"2021-08-18T05:41:42.973Z"}
{"level":"info","message":"connected to mongodb://localhost/vidly_test...","timestamp":"2021-08-18T05:41:42.994Z"}
{"level":"info","message":"listening at port 3000...","timestamp":"2021-08-18T05:42:23.616Z"}
{"level":"info","message":"connected to mongodb://localhost/vidly_test...","timestamp":"2021-08-18T05:42:23.631Z"}
{"level":"info","message":"listening at port 3000...","timestamp":"2021-08-18T05:43:25.103Z"}
{"level":"info","message":"connected to mongodb://localhost/vidly_test...","timestamp":"2021-08-18T05:43:25.120Z"}
{"level":"info","message":"listening at port 3000...","timestamp":"2021-08-18T05:44:09.692Z"}
{"level":"info","message":"connected to mongodb://localhost/vidly_test...","timestamp":"2021-08-18T05:44:09.707Z"}
{"level":"info","message":"listening at port 3000...","timestamp":"2021-08-18T05:44:21.669Z"}
{"level":"info","message":"connected to mongodb://localhost/vidly_test...","timestamp":"2021-08-18T05:44:21.683Z"}
{"level":"info","message":"listening at port 3000...","timestamp":"2021-08-18T05:44:38.177Z"}
{"level":"info","message":"connected to mongodb://localhost/vidly_test...","timestamp":"2021-08-18T05:44:38.192Z"}
{"level":"info","message":"listening at port 3000...","timestamp":"2021-08-18T05:48:19.589Z"}
{"level":"info","message":"connected to mongodb://localhost/vidly_test...","timestamp":"2021-08-18T05:48:19.608Z"}
{"level":"info","message":"listening at port 3000...","timestamp":"2021-08-18T05:49:56.184Z"}
{"level":"info","message":"connected to mongodb://localhost/vidly_test...","timestamp":"2021-08-18T05:49:56.199Z"}
{"level":"info","message":"listening at port 3000...","timestamp":"2021-08-18T05:51:27.149Z"}
{"level":"info","message":"connected to mongodb://localhost/vidly_test...","timestamp":"2021-08-18T05:51:27.167Z"}
{"level":"info","message":"listening at port 3000...","timestamp":"2021-08-18T05:53:58.918Z"}
{"level":"info","message":"connected to mongodb://localhost/vidly_test...","timestamp":"2021-08-18T05:53:58.935Z"}
{"level":"info","message":"listening at port 3000...","timestamp":"2021-08-18T05:54:09.221Z"}
{"level":"info","message":"connected to mongodb://localhost/vidly_test...","timestamp":"2021-08-18T05:54:09.242Z"}
{"level":"info","message":"listening at port 3000...","timestamp":"2021-08-18T05:55:17.451Z"}
{"level":"info","message":"connected to mongodb://localhost/vidly_test...","timestamp":"2021-08-18T05:55:17.471Z"}
{"level":"info","message":"listening at port 3000...","timestamp":"2021-08-18T05:57:46.206Z"}
{"level":"info","message":"connected to mongodb://localhost/vidly_test...","timestamp":"2021-08-18T05:57:46.226Z"}
{"level":"info","message":"listening at port 3000...","timestamp":"2021-08-18T06:00:10.876Z"}
{"level":"info","message":"connected to mongodb://localhost/vidly_test...","timestamp":"2021-08-18T06:00:10.896Z"}
{"level":"error","message":"Cast to ObjectId failed for value \"1\" at path \"_id\" for model \"Genre\"","timestamp":"2021-08-18T06:00:10.947Z"}
{"level":"info","message":"listening at port 3000...","timestamp":"2021-08-18T06:00:27.240Z"}
{"level":"info","message":"connected to mongodb://localhost/vidly_test...","timestamp":"2021-08-18T06:00:27.258Z"}
{"level":"error","message":"Cast to ObjectId failed for value \"1\" at path \"_id\" for model \"Genre\"","timestamp":"2021-08-18T06:00:27.306Z"}
{"level":"info","message":"listening at port 3000...","timestamp":"2021-08-18T06:00:32.540Z"}
{"level":"info","message":"connected to mongodb://localhost/vidly_test...","timestamp":"2021-08-18T06:00:32.559Z"}
{"level":"error","message":"Cast to ObjectId failed for value \"1\" at path \"_id\" for model \"Genre\"","timestamp":"2021-08-18T06:00:32.615Z"}
{"level":"info","message":"listening at port 3000...","timestamp":"2021-08-18T06:04:36.409Z"}
{"level":"info","message":"connected to mongodb://localhost/vidly_test...","timestamp":"2021-08-18T06:04:36.427Z"}
{"level":"info","message":"listening at port 3000...","timestamp":"2021-08-18T06:14:19.804Z"}
{"level":"info","message":"connected to mongodb://localhost/vidly_test...","timestamp":"2021-08-18T06:14:19.821Z"}
{"level":"info","message":"listening at port 3000...","timestamp":"2021-08-18T06:14:42.348Z"}
{"level":"info","message":"connected to mongodb://localhost/vidly_test...","timestamp":"2021-08-18T06:14:42.368Z"}
{"level":"info","message":"listening at port 3000...","timestamp":"2021-08-18T06:15:14.660Z"}
{"level":"info","message":"connected to mongodb://localhost/vidly_test...","timestamp":"2021-08-18T06:15:14.677Z"}
{"level":"info","message":"listening at port 3000...","timestamp":"2021-08-18T06:15:22.394Z"}
{"level":"info","message":"connected to mongodb://localhost/vidly_test...","timestamp":"2021-08-18T06:15:22.413Z"}
{"level":"info","message":"listening at port 3000...","timestamp":"2021-08-18T06:15:36.616Z"}
{"level":"info","message":"connected to mongodb://localhost/vidly_test...","timestamp":"2021-08-18T06:15:36.635Z"}
{"level":"info","message":"listening at port 3000...","timestamp":"2021-08-18T06:16:03.791Z"}
{"level":"info","message":"connected to mongodb://localhost/vidly_test...","timestamp":"2021-08-18T06:16:03.811Z"}
{"level":"info","message":"listening at port 3000...","timestamp":"2021-08-18T06:16:46.167Z"}
{"level":"info","message":"connected to mongodb://localhost/vidly_test...","timestamp":"2021-08-18T06:16:46.186Z"}
{"level":"info","message":"listening at port 3000...","timestamp":"2021-08-18T06:18:01.566Z"}
{"level":"info","message":"connected to mongodb://localhost/vidly_test...","timestamp":"2021-08-18T06:18:01.584Z"}
{"level":"info","message":"listening at port 3000...","timestamp":"2021-08-18T06:19:59.606Z"}
{"level":"info","message":"connected to mongodb://localhost/vidly_test...","timestamp":"2021-08-18T06:19:59.628Z"}
{"level":"info","message":"listening at port 3000...","timestamp":"2021-08-18T06:20:27.342Z"}
{"level":"info","message":"connected to mongodb://localhost/vidly_test...","timestamp":"2021-08-18T06:20:27.365Z"}
{"level":"info","message":"listening at port 3000...","timestamp":"2021-08-18T06:21:40.382Z"}
{"level":"info","message":"connected to mongodb://localhost/vidly_test...","timestamp":"2021-08-18T06:21:40.400Z"}
{"level":"info","message":"listening at port 3000...","timestamp":"2021-08-18T06:23:48.860Z"}
{"level":"info","message":"connected to mongodb://localhost/vidly_test...","timestamp":"2021-08-18T06:23:48.880Z"}
{"level":"info","message":"listening at port 3000...","timestamp":"2021-08-18T08:19:37.365Z"}
{"level":"info","message":"connected to mongodb://localhost/vidly_test...","timestamp":"2021-08-18T08:19:37.384Z"}
{"level":"info","message":"listening at port 3000...","timestamp":"2021-08-18T08:21:13.652Z"}
{"level":"info","message":"connected to mongodb://localhost/vidly_test...","timestamp":"2021-08-18T08:21:13.670Z"}
{"level":"info","message":"listening at port 3000...","timestamp":"2021-08-18T11:18:25.730Z"}
{"level":"info","message":"connected to mongodb://localhost/vidly_test...","timestamp":"2021-08-18T11:18:25.747Z"}
{"level":"info","message":"listening at port 3000...","timestamp":"2021-08-18T11:22:46.656Z"}
{"level":"info","message":"connected to mongodb://localhost/vidly_test...","timestamp":"2021-08-18T11:22:46.673Z"}
{"level":"info","message":"listening at port 3000...","timestamp":"2021-08-18T11:23:34.680Z"}
{"level":"info","message":"connected to mongodb://localhost/vidly_test...","timestamp":"2021-08-18T11:23:34.700Z"}
{"level":"info","message":"listening at port 3000...","timestamp":"2021-08-18T11:23:45.997Z"}
{"level":"info","message":"connected to mongodb://localhost/vidly_test...","timestamp":"2021-08-18T11:23:46.015Z"}
{"level":"info","message":"listening at port 3000...","timestamp":"2021-08-18T11:33:54.677Z"}
{"level":"info","message":"connected to mongodb://localhost/vidly_test...","timestamp":"2021-08-18T11:33:54.692Z"}
{"level":"info","message":"listening at port 3000...","timestamp":"2021-08-18T11:34:19.275Z"}
{"level":"info","message":"connected to mongodb://localhost/vidly_test...","timestamp":"2021-08-18T11:34:19.295Z"}
{"level":"info","message":"listening at port 3000...","timestamp":"2021-08-18T11:34:46.663Z"}
{"level":"info","message":"connected to mongodb://localhost/vidly_test...","timestamp":"2021-08-18T11:34:46.678Z"}
{"level":"info","message":"listening at port 3000...","timestamp":"2021-08-18T11:35:48.140Z"}
{"level":"info","message":"connected to mongodb://localhost/vidly_test...","timestamp":"2021-08-18T11:35:48.160Z"}
{"level":"info","message":"listening at port 3000...","timestamp":"2021-08-18T11:35:56.858Z"}
{"level":"info","message":"connected to mongodb://localhost/vidly_test...","timestamp":"2021-08-18T11:35:56.875Z"}
{"level":"info","message":"listening at port 3000...","timestamp":"2021-08-18T18:09:26.322Z"}
{"level":"info","message":"connected to mongodb://localhost/vidly_test...","timestamp":"2021-08-18T18:09:26.351Z"}
{"level":"info","message":"listening at port 3000...","timestamp":"2021-08-18T18:10:02.912Z"}
{"level":"info","message":"connected to mongodb://localhost/vidly_test...","timestamp":"2021-08-18T18:10:02.932Z"}
{"level":"info","message":"listening at port 3000...","timestamp":"2021-08-18T18:10:03.126Z"}
{"level":"info","message":"connected to mongodb://localhost/vidly_test...","timestamp":"2021-08-18T18:10:03.165Z"}
{"level":"info","message":"listening at port 3000...","timestamp":"2021-08-18T18:11:41.785Z"}
{"level":"info","message":"connected to mongodb://localhost/vidly_test...","timestamp":"2021-08-18T18:11:41.812Z"}
{"level":"info","message":"connected to mongodb://localhost/vidly_test...","timestamp":"2021-08-18T18:11:41.819Z"}
{"level":"info","message":"listening at port 3000...","timestamp":"2021-08-18T18:11:41.823Z"}
